<?xml version="1.0" encoding="UTF-8"?>
<testng-results ignored="0" total="1" passed="1" failed="0" skipped="0">
  <reporter-output>
  </reporter-output>
  <suite started-at="2023-06-18T16:55:43 IST" name="Default suite" finished-at="2023-06-18T16:57:09 IST" duration-ms="86313">
    <groups>
    </groups>
    <test started-at="2023-06-18T16:55:43 IST" name="Default test" finished-at="2023-06-18T16:57:09 IST" duration-ms="86313">
      <class name="AutomationUITest.AutomationUI5">
        <test-method signature="test()[pri:0, instance:AutomationUITest.AutomationUI5@1139b2f3]" started-at="2023-06-18T16:55:43 IST" name="test" finished-at="2023-06-18T16:57:09 IST" duration-ms="86262" status="PASS">
          <reporter-output>
          </reporter-output>
        </test-method> <!-- test -->
      </class> <!-- AutomationUITest.AutomationUI5 -->
    </test> <!-- Default test -->
  </suite> <!-- Default suite -->
</testng-results>
